<?xml version="1.0" encoding="UTF-8"?>
<testng-results ignored="0" total="1" passed="1" failed="0" skipped="0">
  <reporter-output>
  </reporter-output>
  <suite started-at="2022-11-08T23:53:00 IST" name="Default suite" finished-at="2022-11-08T23:53:46 IST" duration-ms="45535">
    <groups>
    </groups>
    <test started-at="2022-11-08T23:53:00 IST" name="Default test" finished-at="2022-11-08T23:53:46 IST" duration-ms="45535">
      <class name="testcases.ReportsTestCase">
        <test-method is-config="true" signature="setUpSuite()[pri:0, instance:testcases.ReportsTestCase@66f57048]" started-at="2022-11-08T23:52:59 IST" name="setUpSuite" finished-at="2022-11-08T23:53:00 IST" duration-ms="943" status="PASS">
          <reporter-output>
          </reporter-output>
        </test-method> <!-- setUpSuite -->
        <test-method is-config="true" signature="setup()[pri:0, instance:testcases.ReportsTestCase@66f57048]" started-at="2022-11-08T23:53:00 IST" name="setup" finished-at="2022-11-08T23:53:15 IST" duration-ms="14485" status="PASS">
          <reporter-output>
          </reporter-output>
        </test-method> <!-- setup -->
        <test-method is-config="true" signature="loginApp()[pri:0, instance:testcases.ReportsTestCase@66f57048]" started-at="2022-11-08T23:53:15 IST" name="loginApp" finished-at="2022-11-08T23:53:17 IST" duration-ms="2198" status="PASS">
          <reporter-output>
          </reporter-output>
        </test-method> <!-- loginApp -->
        <test-method signature="navigateToReports()[pri:0, instance:testcases.ReportsTestCase@66f57048]" started-at="2022-11-08T23:53:17 IST" name="navigateToReports" finished-at="2022-11-08T23:53:41 IST" duration-ms="23538" status="PASS">
          <reporter-output>
          </reporter-output>
        </test-method> <!-- navigateToReports -->
        <test-method is-config="true" signature="logout()[pri:0, instance:testcases.ReportsTestCase@66f57048]" started-at="2022-11-08T23:53:41 IST" name="logout" finished-at="2022-11-08T23:53:45 IST" duration-ms="4677" status="PASS">
          <reporter-output>
          </reporter-output>
        </test-method> <!-- logout -->
        <test-method is-config="true" signature="tearDownMethod(org.testng.ITestResult)[pri:0, instance:testcases.ReportsTestCase@66f57048]" started-at="2022-11-08T23:53:45 IST" name="tearDownMethod" finished-at="2022-11-08T23:53:46 IST" duration-ms="448" status="PASS">
          <params>
            <param index="0">
              <value>
                <![CDATA[[TestResult name=navigateToReports status=SUCCESS method=ReportsTestCase.navigateToReports()[pri:0, instance:testcases.ReportsTestCase@66f57048] output={null}]]]>
              </value>
            </param>
          </params>
          <reporter-output>
          </reporter-output>
        </test-method> <!-- tearDownMethod -->
        <test-method is-config="true" signature="tearDown()[pri:0, instance:testcases.ReportsTestCase@66f57048]" started-at="2022-11-08T23:53:46 IST" name="tearDown" finished-at="2022-11-08T23:53:46 IST" duration-ms="160" status="PASS">
          <reporter-output>
          </reporter-output>
        </test-method> <!-- tearDown -->
      </class> <!-- testcases.ReportsTestCase -->
    </test> <!-- Default test -->
  </suite> <!-- Default suite -->
</testng-results>
