<?xml version="1.0" encoding="UTF-8"?>
<testng-results ignored="0" total="1" passed="1" failed="0" skipped="0">
  <reporter-output>
  </reporter-output>
  <suite started-at="2022-11-08T23:32:35 IST" name="Default suite" finished-at="2022-11-08T23:33:28 IST" duration-ms="53068">
    <groups>
    </groups>
    <test started-at="2022-11-08T23:32:35 IST" name="Default test" finished-at="2022-11-08T23:33:28 IST" duration-ms="53068">
      <class name="testcases.TimeShetTestCase">
        <test-method is-config="true" signature="setUpSuite()[pri:0, instance:testcases.TimeShetTestCase@550dbc7a]" started-at="2022-11-08T23:32:34 IST" name="setUpSuite" finished-at="2022-11-08T23:32:35 IST" duration-ms="1024" status="PASS">
          <reporter-output>
          </reporter-output>
        </test-method> <!-- setUpSuite -->
        <test-method is-config="true" signature="setup()[pri:0, instance:testcases.TimeShetTestCase@550dbc7a]" started-at="2022-11-08T23:32:35 IST" name="setup" finished-at="2022-11-08T23:32:47 IST" duration-ms="12684" status="PASS">
          <reporter-output>
          </reporter-output>
        </test-method> <!-- setup -->
        <test-method is-config="true" signature="loginApp()[pri:0, instance:testcases.TimeShetTestCase@550dbc7a]" started-at="2022-11-08T23:32:47 IST" name="loginApp" finished-at="2022-11-08T23:32:49 IST" duration-ms="2209" status="PASS">
          <reporter-output>
          </reporter-output>
        </test-method> <!-- loginApp -->
        <test-method signature="navigateToTimeSheets()[pri:0, instance:testcases.TimeShetTestCase@550dbc7a]" started-at="2022-11-08T23:32:49 IST" name="navigateToTimeSheets" finished-at="2022-11-08T23:33:22 IST" duration-ms="32814" status="PASS">
          <reporter-output>
          </reporter-output>
        </test-method> <!-- navigateToTimeSheets -->
        <test-method is-config="true" signature="logout()[pri:0, instance:testcases.TimeShetTestCase@550dbc7a]" started-at="2022-11-08T23:33:22 IST" name="logout" finished-at="2022-11-08T23:33:27 IST" duration-ms="4734" status="PASS">
          <reporter-output>
          </reporter-output>
        </test-method> <!-- logout -->
        <test-method is-config="true" signature="tearDownMethod(org.testng.ITestResult)[pri:0, instance:testcases.TimeShetTestCase@550dbc7a]" started-at="2022-11-08T23:33:27 IST" name="tearDownMethod" finished-at="2022-11-08T23:33:27 IST" duration-ms="441" status="PASS">
          <params>
            <param index="0">
              <value>
                <![CDATA[[TestResult name=navigateToTimeSheets status=SUCCESS method=TimeShetTestCase.navigateToTimeSheets()[pri:0, instance:testcases.TimeShetTestCase@550dbc7a] output={null}]]]>
              </value>
            </param>
          </params>
          <reporter-output>
          </reporter-output>
        </test-method> <!-- tearDownMethod -->
        <test-method is-config="true" signature="tearDown()[pri:0, instance:testcases.TimeShetTestCase@550dbc7a]" started-at="2022-11-08T23:33:27 IST" name="tearDown" finished-at="2022-11-08T23:33:28 IST" duration-ms="159" status="PASS">
          <reporter-output>
          </reporter-output>
        </test-method> <!-- tearDown -->
      </class> <!-- testcases.TimeShetTestCase -->
    </test> <!-- Default test -->
  </suite> <!-- Default suite -->
</testng-results>
